app/build/outputs/logs/manifest-merger-debug-report.txt
-- Merging decision tree log ---
manifest
ADDED from src\main\AndroidManifest.xml:16:1-157:12
	package
		ADDED from src\main\AndroidManifest.xml:17:5-46
		INJECTED from src\main\AndroidManifest.xml
		INJECTED from src\main\AndroidManifest.xml
	android:versionName
		ADDED from src\main\AndroidManifest.xml:21:5-32
		INJECTED from src\main\AndroidManifest.xml
		INJECTED from src\main\AndroidManifest.xml
	android:versionCode
		ADDED from src\main\AndroidManifest.xml:19:5-30
		INJECTED from src\main\AndroidManifest.xml
		INJECTED from src\main\AndroidManifest.xml
	xmlns:android
		ADDED from src\main\AndroidManifest.xml:16:11-69
	android:configChanges
		ADDED from src\main\AndroidManifest.xml:20:5-51
	android:installLocation
		ADDED from src\main\AndroidManifest.xml:18:5-35
uses-sdk
ADDED from src\main\AndroidManifest.xml:24:5-26:41
MERGED from [com.android.support:design:25.1.0] AndroidManifest.xml:21:5-23:62
MERGED from [com.android.support:transition:25.1.0] AndroidManifest.xml:20:5-44
MERGED from [com.android.support.constraint:constraint-layout:1.0.1] AndroidManifest.xml:5:5-7:41
MERGED from [com.android.support:recyclerview-v7:25.1.0] AndroidManifest.xml:20:5-43
MERGED from [de.codecrafters.tableview:tableview:2.5.0] AndroidManifest.xml:7:5-9:41
MERGED from [com.android.support:appcompat-v7:25.1.0] AndroidManifest.xml:21:5-23:78
MERGED from [com.android.support:support-v4:25.1.0] AndroidManifest.xml:21:5-23:54
MERGED from [com.android.support:support-fragment:25.1.0] AndroidManifest.xml:21:5-23:60
MERGED from [com.android.support:support-media-compat:25.1.0] AndroidManifest.xml:21:5-23:63
MERGED from [com.android.support:support-core-ui:25.1.0] AndroidManifest.xml:21:5-23:58
MERGED from [com.android.support:support-core-utils:25.1.0] AndroidManifest.xml:21:5-23:61
MERGED from [com.android.support:animated-vector-drawable:25.1.0] AndroidManifest.xml:20:5-44
MERGED from [com.android.support:support-vector-drawable:25.1.0] AndroidManifest.xml:21:5-43
MERGED from [com.android.support:support-compat:25.1.0] AndroidManifest.xml:21:5-23:58
	tools:overrideLibrary
		ADDED from [com.android.support:design:25.1.0] AndroidManifest.xml:23:9-59
	android:targetSdkVersion
		ADDED from src\main\AndroidManifest.xml:26:9-38
		INJECTED from src\main\AndroidManifest.xml
		INJECTED from src\main\AndroidManifest.xml
	android:minSdkVersion
		ADDED from src\main\AndroidManifest.xml:25:9-35
		INJECTED from src\main\AndroidManifest.xml
		INJECTED from src\main\AndroidManifest.xml
uses-permission#android.permission.CAMERA
ADDED from src\main\AndroidManifest.xml:28:5-65
	android:name
		ADDED from src\main\AndroidManifest.xml:28:22-62
uses-permission#android.permission.INTERNET
ADDED from src\main\AndroidManifest.xml:29:5-67
	android:name
		ADDED from src\main\AndroidManifest.xml:29:22-64
uses-permission#android.permission.VIBRATE
ADDED from src\main\AndroidManifest.xml:30:5-66
	android:name
		ADDED from src\main\AndroidManifest.xml:30:22-63
uses-permission#android.permission.FLASHLIGHT
ADDED from src\main\AndroidManifest.xml:31:5-69
	android:name
		ADDED from src\main\AndroidManifest.xml:31:22-66
uses-permission#android.permission.WRITE_EXTERNAL_STORAGE
ADDED from src\main\AndroidManifest.xml:33:5-81
	android:name
		ADDED from src\main\AndroidManifest.xml:33:22-78
uses-permission#android.permission.CHANGE_WIFI_STATE
ADDED from src\main\AndroidManifest.xml:34:5-76
	android:name
		ADDED from src\main\AndroidManifest.xml:34:22-73
uses-permission#android.permission.ACCESS_WIFI_STATE
ADDED from src\main\AndroidManifest.xml:35:5-76
	android:name
		ADDED from src\main\AndroidManifest.xml:35:22-73
uses-feature#android.hardware.camera.any
ADDED from src\main\AndroidManifest.xml:37:5-64
	android:name
		ADDED from src\main\AndroidManifest.xml:37:19-61
uses-feature#android.hardware.camera.autofocus
ADDED from src\main\AndroidManifest.xml:38:5-40:36
	android:required
		ADDED from src\main\AndroidManifest.xml:40:9-33
	android:name
		ADDED from src\main\AndroidManifest.xml:39:9-57
uses-feature#android.hardware.camera.flash
ADDED from src\main\AndroidManifest.xml:41:5-43:36
	android:required
		ADDED from src\main\AndroidManifest.xml:43:9-33
	android:name
		ADDED from src\main\AndroidManifest.xml:42:9-53
uses-feature#android.hardware.screen.portrait
ADDED from src\main\AndroidManifest.xml:44:5-69
	android:name
		ADDED from src\main\AndroidManifest.xml:44:19-66
uses-feature#android.hardware.wifi
ADDED from src\main\AndroidManifest.xml:45:5-47:36
	android:required
		ADDED from src\main\AndroidManifest.xml:47:9-33
	android:name
		ADDED from src\main\AndroidManifest.xml:46:9-45
uses-permission#android.permission.READ_PHONE_STATE
ADDED from src\main\AndroidManifest.xml:49:5-75
	android:name
		ADDED from src\main\AndroidManifest.xml:49:22-72
uses-permission#android.permission.READ_EXTERNAL_STORAGE
ADDED from src\main\AndroidManifest.xml:50:5-80
	android:name
		ADDED from src\main\AndroidManifest.xml:50:22-77
application
ADDED from src\main\AndroidManifest.xml:52:5-155:19
MERGED from [com.android.support:design:25.1.0] AndroidManifest.xml:25:5-20
MERGED from [com.android.support:transition:25.1.0] AndroidManifest.xml:22:5-20
MERGED from [com.android.support.constraint:constraint-layout:1.0.1] AndroidManifest.xml:9:5-20
MERGED from [de.codecrafters.tableview:tableview:2.5.0] AndroidManifest.xml:11:5-53
MERGED from [com.android.support:appcompat-v7:25.1.0] AndroidManifest.xml:25:5-20
MERGED from [com.android.support:support-v4:25.1.0] AndroidManifest.xml:25:5-20
MERGED from [com.android.support:support-fragment:25.1.0] AndroidManifest.xml:25:5-20
MERGED from [com.android.support:support-media-compat:25.1.0] AndroidManifest.xml:25:5-20
MERGED from [com.android.support:support-core-ui:25.1.0] AndroidManifest.xml:25:5-20
MERGED from [com.android.support:support-core-utils:25.1.0] AndroidManifest.xml:25:5-20
MERGED from [com.android.support:animated-vector-drawable:25.1.0] AndroidManifest.xml:22:5-20
MERGED from [com.android.support:support-vector-drawable:25.1.0] AndroidManifest.xml:23:5-20
MERGED from [com.android.support:support-compat:25.1.0] AndroidManifest.xml:25:5-20
	android:label
		ADDED from src\main\AndroidManifest.xml:55:9-41
	android:allowBackup
		ADDED from src\main\AndroidManifest.xml:53:9-35
	android:icon
		ADDED from src\main\AndroidManifest.xml:54:9-43
	android:theme
		ADDED from src\main\AndroidManifest.xml:57:9-40
	android:logo
		ADDED from src\main\AndroidManifest.xml:56:9-43
activity#samsung.android.test.MainActivity
ADDED from src\main\AndroidManifest.xml:59:9-68:20
	android:label
		ADDED from src\main\AndroidManifest.xml:61:13-45
	android:theme
		ADDED from src\main\AndroidManifest.xml:62:13-56
	android:name
		ADDED from src\main\AndroidManifest.xml:60:13-61
intent-filter#android.intent.action.MAIN+android.intent.category.LAUNCHER
ADDED from src\main\AndroidManifest.xml:63:13-67:29
action#android.intent.action.MAIN
ADDED from src\main\AndroidManifest.xml:64:17-69
	android:name
		ADDED from src\main\AndroidManifest.xml:64:25-66
category#android.intent.category.LAUNCHER
ADDED from src\main\AndroidManifest.xml:66:17-77
	android:name
		ADDED from src\main\AndroidManifest.xml:66:27-74
activity#com.google.zxing.client.android.CaptureActivity
ADDED from src\main\AndroidManifest.xml:69:9-87:20
	android:clearTaskOnLaunch
		ADDED from src\main\AndroidManifest.xml:71:13-45
	android:screenOrientation
		ADDED from src\main\AndroidManifest.xml:73:13-49
	android:stateNotNeeded
		ADDED from src\main\AndroidManifest.xml:74:13-42
	android:windowSoftInputMode
		ADDED from src\main\AndroidManifest.xml:76:13-60
	android:configChanges
		ADDED from src\main\AndroidManifest.xml:72:13-63
	android:theme
		ADDED from src\main\AndroidManifest.xml:75:13-71
	android:name
		ADDED from src\main\AndroidManifest.xml:70:13-44
intent-filter#android.intent.action.MAIN+android.intent.category.DEFAULT
ADDED from src\main\AndroidManifest.xml:77:13-81:29
category#android.intent.category.DEFAULT
ADDED from src\main\AndroidManifest.xml:80:17-76
	android:name
		ADDED from src\main\AndroidManifest.xml:80:27-73
intent-filter#android.intent.category.DEFAULT+com.google.zxing.client.android.SCAN
ADDED from src\main\AndroidManifest.xml:82:13-86:29
action#com.google.zxing.client.android.SCAN
ADDED from src\main\AndroidManifest.xml:83:17-79
	android:name
		ADDED from src\main\AndroidManifest.xml:83:25-76
activity#com.google.zxing.client.android.PreferencesActivity
ADDED from src\main\AndroidManifest.xml:88:9-91:45
	android:label
		ADDED from src\main\AndroidManifest.xml:90:13-53
	android:stateNotNeeded
		ADDED from src\main\AndroidManifest.xml:91:13-42
	android:name
		ADDED from src\main\AndroidManifest.xml:89:13-48
activity#com.google.zxing.client.android.encode.EncodeActivity
ADDED from src\main\AndroidManifest.xml:92:9-116:20
	android:stateNotNeeded
		ADDED from src\main\AndroidManifest.xml:94:13-42
	android:name
		ADDED from src\main\AndroidManifest.xml:93:13-50
intent-filter#android.intent.category.DEFAULT+com.google.zxing.client.android.ENCODE
ADDED from src\main\AndroidManifest.xml:95:13-99:29
action#com.google.zxing.client.android.ENCODE
ADDED from src\main\AndroidManifest.xml:96:17-81
	android:name
		ADDED from src\main\AndroidManifest.xml:96:25-78
intent-filter#android.intent.action.SEND+android.intent.category.DEFAULT
ADDED from src\main\AndroidManifest.xml:101:13-107:29
action#android.intent.action.SEND
ADDED from src\main\AndroidManifest.xml:102:17-69
	android:name
		ADDED from src\main\AndroidManifest.xml:102:25-66
data
ADDED from src\main\AndroidManifest.xml:106:17-57
	android:mimeType
		ADDED from src\main\AndroidManifest.xml:106:23-54
activity#com.google.zxing.client.android.book.SearchBookContentsActivity
ADDED from src\main\AndroidManifest.xml:117:9-127:20
	android:screenOrientation
		ADDED from src\main\AndroidManifest.xml:120:13-55
	android:label
		ADDED from src\main\AndroidManifest.xml:119:13-45
	android:stateNotNeeded
		ADDED from src\main\AndroidManifest.xml:121:13-42
	android:name
		ADDED from src\main\AndroidManifest.xml:118:13-60
intent-filter#android.intent.category.DEFAULT+com.google.zxing.client.android.SEARCH_BOOK_CONTENTS
ADDED from src\main\AndroidManifest.xml:122:13-126:29
action#com.google.zxing.client.android.SEARCH_BOOK_CONTENTS
ADDED from src\main\AndroidManifest.xml:123:17-95
	android:name
		ADDED from src\main\AndroidManifest.xml:123:25-92
activity#com.google.zxing.client.android.share.ShareActivity
ADDED from src\main\AndroidManifest.xml:128:9-137:20
	android:screenOrientation
		ADDED from src\main\AndroidManifest.xml:130:13-45
	android:stateNotNeeded
		ADDED from src\main\AndroidManifest.xml:131:13-42
	android:name
		ADDED from src\main\AndroidManifest.xml:129:13-48
intent-filter#android.intent.category.DEFAULT+com.google.zxing.client.android.SHARE
ADDED from src\main\AndroidManifest.xml:132:13-136:29
action#com.google.zxing.client.android.SHARE
ADDED from src\main\AndroidManifest.xml:133:17-80
	android:name
		ADDED from src\main\AndroidManifest.xml:133:25-77
activity#com.google.zxing.client.android.history.HistoryActivity
ADDED from src\main\AndroidManifest.xml:138:9-141:45
	android:label
		ADDED from src\main\AndroidManifest.xml:140:13-50
	android:stateNotNeeded
		ADDED from src\main\AndroidManifest.xml:141:13-42
	android:name
		ADDED from src\main\AndroidManifest.xml:139:13-52
activity#com.google.zxing.client.android.share.BookmarkPickerActivity
ADDED from src\main\AndroidManifest.xml:142:9-145:45
	android:label
		ADDED from src\main\AndroidManifest.xml:144:13-57
	android:stateNotNeeded
		ADDED from src\main\AndroidManifest.xml:145:13-42
	android:name
		ADDED from src\main\AndroidManifest.xml:143:13-57
activity#com.google.zxing.client.android.share.AppPickerActivity
ADDED from src\main\AndroidManifest.xml:146:9-149:45
	android:label
		ADDED from src\main\AndroidManifest.xml:148:13-52
	android:stateNotNeeded
		ADDED from src\main\AndroidManifest.xml:149:13-42
	android:name
		ADDED from src\main\AndroidManifest.xml:147:13-52
activity#com.google.zxing.client.android.HelpActivity
ADDED from src\main\AndroidManifest.xml:150:9-154:45
	android:screenOrientation
		ADDED from src\main\AndroidManifest.xml:153:13-45
	android:label
		ADDED from src\main\AndroidManifest.xml:152:13-46
	android:stateNotNeeded
		ADDED from src\main\AndroidManifest.xml:154:13-42
	android:name
		ADDED from src\main\AndroidManifest.xml:151:13-41